[debug] [2017-08-19T11:39:02.814Z] ----------------------------------------------------------------------
[debug] [2017-08-19T11:39:02.817Z] Command:       /usr/local/bin/node /usr/local/bin/firebase deploy
[debug] [2017-08-19T11:39:02.818Z] CLI Version:   3.9.2
[debug] [2017-08-19T11:39:02.818Z] Platform:      darwin
[debug] [2017-08-19T11:39:02.818Z] Node Version:  v6.11.2
[debug] [2017-08-19T11:39:02.818Z] Time:          Sat Aug 19 2017 13:39:02 GMT+0200 (CEST)
[debug] [2017-08-19T11:39:02.818Z] ----------------------------------------------------------------------
[debug] 
[debug] [2017-08-19T11:39:02.832Z] > command requires scopes: ["email","openid","https://www.googleapis.com/auth/cloudplatformprojects.readonly","https://www.googleapis.com/auth/firebase","https://www.googleapis.com/auth/cloud-platform"]
[debug] [2017-08-19T11:39:02.832Z] > authorizing via signed-in user
[debug] [2017-08-19T11:39:02.834Z] > refreshing access token with scopes: ["email","https://www.googleapis.com/auth/cloud-platform","https://www.googleapis.com/auth/cloudplatformprojects.readonly","https://www.googleapis.com/auth/firebase","openid"]
[debug] [2017-08-19T11:39:02.835Z] >>> HTTP REQUEST POST https://www.googleapis.com/oauth2/v3/token { refresh_token: '1/dz1_fZgZdN8djADLHqmMfZdpEp6xFJ5io-bZimSdHjk',
  client_id: '563584335869-fgrhgmd47bqnekij5i8b5pr03ho849e6.apps.googleusercontent.com',
  client_secret: 'j9iVZfS8kkCEFUPaAeJV0sAi',
  grant_type: 'refresh_token',
  scope: 'email https://www.googleapis.com/auth/cloud-platform https://www.googleapis.com/auth/cloudplatformprojects.readonly https://www.googleapis.com/auth/firebase openid' } 
 Sat Aug 19 2017 13:39:02 GMT+0200 (CEST)
[debug] [2017-08-19T11:39:03.608Z] <<< HTTP RESPONSE 200
[debug] [2017-08-19T11:39:03.622Z] >>> HTTP REQUEST GET https://admin.firebase.com/v1/projects/iameirikcom  
 Sat Aug 19 2017 13:39:03 GMT+0200 (CEST)
[debug] [2017-08-19T11:39:05.392Z] <<< HTTP RESPONSE 200
[debug] [2017-08-19T11:39:05.393Z] >>> HTTP REQUEST GET https://admin.firebase.com/v1/database/iameirikcom/tokens  
 Sat Aug 19 2017 13:39:05 GMT+0200 (CEST)
[debug] [2017-08-19T11:39:06.749Z] <<< HTTP RESPONSE 200
[info] 
[info] === Deploying to 'iameirikcom'...
[info] 
[info] i  deploying hosting
[info] i  hosting: preparing build/es5-bundled/ directory for upload...
[debug] [2017-08-19T11:39:12.755Z] >>> HTTP REQUEST PUT https://deploy.firebase.com/v1/hosting/iameirikcom/uploads/-KruHXPCdR5dfdJw16qo?fileCount=113&message=  
 Sat Aug 19 2017 13:39:12 GMT+0200 (CEST)
